1. false
2. false
3. true
4. true
5. false
6. true
7. false
8. false
9. false
10. true
11. false
12. true
13. false
14. false
15. false
16. true
17. false
18. true
19. false
20. false
21. false
22. true
23. false
24. false
25. false
26. true
27. true
28. true
29. false
30. true
31. true
32. true
33. false
34. false
35. false
36. false
37. true
38. true
39. true
40. true
41. false
42. false
43. false
44. false
45. true
46. true
47. true
48. true
49. false
50. true
51. true
52. false
53. false
54. true
55. true
56. false
57. false
58. false
59. false
60. false
61. false
62. false
63. false
64. true
65. true
66. true
67. true
68. true
69. false
70. false
71. true
72. true
73. true
74. true
75. true
76. true
77. true
78. true
79. true
80. true
81. true
82. true
83. true
84. true
85. false
86. false
87. true
88. false
89. false
90. false
91. true
92. true
93. true
94. true
95. true
96. false
97. false
98. true
99. true
100. true
101. true
102. true
103. true
104. true
105. true
106. true
107. true
108. true
109. true
110. true
111. true
112. false
113. false
114. true
115. false
116. false
117. false
118. true
119. true
120. true
121. true
122. true
123. false
124. false
125. true
126. true
127. true
128. true
129. true
130. true
131. true
132. true
133. true
134. true
135. true
136. true
137. true
138. true
139. false
140. false
141. true
142. false
143. false
144. false
145. true
146. true
147. true
148. true
149. true
150. false
151. false
152. true
153. true
154. true
155. true
156. true
157. true
158. true
159. true
160. true
161. true
162. true
163. true
164. true
165. true
166. false
167. false
168. true
169. false
170. false
171. false
172. true
173. true
174. true
175. true
176. true
177. false
178. false
179. true
180. true
181. true
182. true
183. true
184. true
185. true
186. true
187. true
188. true
189. true
190. true
191. true
192. true
193. false
194. false
195. true
196. false
197. false
198. false
199. true
200. true
201. true
202. true
203. true
204. false
205. false
206. true
207. true
208. true
209. true
210. true
211. true
212. true
213. true
214. true
215. true
216. true
217. true
218. true
219. true
220. false
221. false
222. true
223. true
224. true
225. true
226. true
227. true
228. true
229. true
230. true
231. true
232. true
233. true
234. true
235. true
236. true
237. true
238. true
239. true
240. true
241. true
242. true
243. true
244. true
245. true
246. true
247. true
248. true
249. true
250. true
251. false
252. false
253. false
254. false
255. false
256. false
257. false
258. false
259. false
260. false
261. true
262. false
263. false
264. false
265. false
266. false
267. true
268. false
269. false
270. false
271. false
272. true
273. false
274. true
